<?xml version="1.0" encoding="UTF-8"?>
<testsuite name="org.example.MainTest" tests="2" skipped="0" failures="0" errors="0" timestamp="2023-03-22T14:22:55" hostname="LAPTOP-TMMD6I4T" time="0.025">
  <properties/>
  <testcase name="Test_negatiefGetal()" classname="org.example.MainTest" time="0.022"/>
  <testcase name="Test_juist_optellen()" classname="org.example.MainTest" time="0.001"/>
  <system-out><![CDATA[]]></system-out>
  <system-err><![CDATA[]]></system-err>
</testsuite>
